<?xml version="1.0" encoding="UTF-8"?>
<!-- Generated by org.testng.reporters.JUnitReportReporter -->
<testsuite skipped="0" hostname="apples-MacBook-Pro.local" name="OrangeHRM" tests="5" failures="0" timestamp="28 Jun 2023 20:10:46 GMT" time="12.142" errors="0">
  <testcase name="LaunchApp" time="7.030" classname="OrangeHRM"/>
  <testcase name="LaunchingAppDetails" time="0.807" classname="OrangeHRM"/>
  <testcase name="NavigationToMyInfo" time="3.611" classname="OrangeHRM"/>
  <testcase name="verifyMyInfo" time="0.629" classname="OrangeHRM"/>
  <testcase name="VerifyLogin" time="0.065" classname="OrangeHRM"/>
</testsuite> <!-- OrangeHRM -->
