<?xml version="1.0" encoding="UTF-8"?>
<!-- Generated by org.testng.reporters.JUnitReportReporter -->
<testsuite skipped="0" hostname="apples-MacBook-Pro.local" name="TestClass" tests="2" failures="0" timestamp="28 Jun 2023 16:06:43 GMT" time="19.459" errors="0">
  <testcase name="TestGoogle" time="15.235" classname="TestClass"/>
  <testcase name="TestFacebook" time="4.224" classname="TestClass"/>
</testsuite> <!-- TestClass -->
